# JRE version: OpenJDK Runtime Environment (8.0_152-b02) (build 1.8.0_152-release-1024-b02)
# Java VM: OpenJDK 64-Bit Server VM (25.152-b02 mixed mode windows-amd64 compressed oops)
Heap:
 PSYoungGen      total 291840K, used 179391K [0x00000000e0000000, 0x00000000f7c80000, 0x0000000100000000)
  eden space 268288K, 66% used [0x00000000e0000000,0x00000000eaf2fc70,0x00000000f0600000)
  from space 23552K, 0% used [0x00000000f0600000,0x00000000f0600000,0x00000000f1d00000)
  to   space 29184K, 0% used [0x00000000f6000000,0x00000000f6000000,0x00000000f7c80000)
 ParOldGen       total 161792K, used 44704K [0x00000000a0000000, 0x00000000a9e00000, 0x00000000e0000000)
  object space 161792K, 27% used [0x00000000a0000000,0x00000000a2ba8188,0x00000000a9e00000)
 Metaspace       used 60379K, capacity 62560K, committed 62848K, reserved 1103872K
  class space    used 8133K, capacity 8713K, committed 8832K, reserved 1048576K
GC Heap History (10 events):
Event: 12.692 GC heap before
{Heap before GC invocations=8 (full 2):
 PSYoungGen      total 204800K, used 9350K [0x00000000e0000000, 0x00000000edb80000, 0x0000000100000000)
  eden space 195072K, 0% used [0x00000000e0000000,0x00000000e0000000,0x00000000ebe80000)
  from space 9728K, 96% used [0x00000000ed200000,0x00000000edb21b60,0x00000000edb80000)
  to   space 14848K, 0% used [0x00000000ebe80000,0x00000000ebe80000,0x00000000ecd00000)
 ParOldGen       total 62464K, used 17068K [0x00000000a0000000, 0x00000000a3d00000, 0x00000000e0000000)
  object space 62464K, 27% used [0x00000000a0000000,0x00000000a10ab088,0x00000000a3d00000)
 Metaspace       used 34474K, capacity 35314K, committed 35416K, reserved 1079296K
  class space    used 4823K, capacity 5096K, committed 5120K, reserved 1048576K
Event: 12.790 GC heap after
Heap after GC invocations=8 (full 2):
 PSYoungGen      total 204800K, used 0K [0x00000000e0000000, 0x00000000edb80000, 0x0000000100000000)
  eden space 195072K, 0% used [0x00000000e0000000,0x00000000e0000000,0x00000000ebe80000)
  from space 9728K, 0% used [0x00000000ed200000,0x00000000ed200000,0x00000000edb80000)
  to   space 14848K, 0% used [0x00000000ebe80000,0x00000000ebe80000,0x00000000ecd00000)
 ParOldGen       total 110080K, used 24123K [0x00000000a0000000, 0x00000000a6b80000, 0x00000000e0000000)
  object space 110080K, 21% used [0x00000000a0000000,0x00000000a178ef48,0x00000000a6b80000)
 Metaspace       used 34474K, capacity 35314K, committed 35416K, reserved 1079296K
  class space    used 4823K, capacity 5096K, committed 5120K, reserved 1048576K
}
Event: 16.758 GC heap before
{Heap before GC invocations=9 (full 2):
 PSYoungGen      total 204800K, used 195072K [0x00000000e0000000, 0x00000000edb80000, 0x0000000100000000)
  eden space 195072K, 100% used [0x00000000e0000000,0x00000000ebe80000,0x00000000ebe80000)
  from space 9728K, 0% used [0x00000000ed200000,0x00000000ed200000,0x00000000edb80000)
  to   space 14848K, 0% used [0x00000000ebe80000,0x00000000ebe80000,0x00000000ecd00000)
 ParOldGen       total 110080K, used 24123K [0x00000000a0000000, 0x00000000a6b80000, 0x00000000e0000000)
  object space 110080K, 21% used [0x00000000a0000000,0x00000000a178ef48,0x00000000a6b80000)
 Metaspace       used 47049K, capacity 48146K, committed 48256K, reserved 1091584K
  class space    used 6428K, capacity 6771K, committed 6784K, reserved 1048576K
Event: 16.777 GC heap after
Heap after GC invocations=9 (full 2):
 PSYoungGen      total 209920K, used 14843K [0x00000000e0000000, 0x00000000f2e80000, 0x0000000100000000)
  eden space 195072K, 0% used [0x00000000e0000000,0x00000000e0000000,0x00000000ebe80000)
  from space 14848K, 99% used [0x00000000ebe80000,0x00000000eccfee70,0x00000000ecd00000)
  to   space 17920K, 0% used [0x00000000f1d00000,0x00000000f1d00000,0x00000000f2e80000)
 ParOldGen       total 110080K, used 25985K [0x00000000a0000000, 0x00000000a6b80000, 0x00000000e0000000)
  object space 110080K, 23% used [0x00000000a0000000,0x00000000a1960728,0x00000000a6b80000)
 Metaspace       used 47049K, capacity 48146K, committed 48256K, reserved 1091584K
  class space    used 6428K, capacity 6771K, committed 6784K, reserved 1048576K
}
Event: 21.188 GC heap before
{Heap before GC invocations=10 (full 2):
 PSYoungGen      total 209920K, used 209915K [0x00000000e0000000, 0x00000000f2e80000, 0x0000000100000000)
  eden space 195072K, 100% used [0x00000000e0000000,0x00000000ebe80000,0x00000000ebe80000)
  from space 14848K, 99% used [0x00000000ebe80000,0x00000000eccfee70,0x00000000ecd00000)
  to   space 17920K, 0% used [0x00000000f1d00000,0x00000000f1d00000,0x00000000f2e80000)
 ParOldGen       total 110080K, used 25985K [0x00000000a0000000, 0x00000000a6b80000, 0x00000000e0000000)
  object space 110080K, 23% used [0x00000000a0000000,0x00000000a1960728,0x00000000a6b80000)
 Metaspace       used 54229K, capacity 56000K, committed 56192K, reserved 1097728K
  class space    used 7516K, capacity 7955K, committed 8064K, reserved 1048576K
Event: 21.235 GC heap after
Heap after GC invocations=10 (full 2):
 PSYoungGen      total 286208K, used 17889K [0x00000000e0000000, 0x00000000f3d00000, 0x0000000100000000)
  eden space 268288K, 0% used [0x00000000e0000000,0x00000000e0000000,0x00000000f0600000)
  from space 17920K, 99% used [0x00000000f1d00000,0x00000000f2e786c0,0x00000000f2e80000)
  to   space 23552K, 0% used [0x00000000f0600000,0x00000000f0600000,0x00000000f1d00000)
 ParOldGen       total 110080K, used 33275K [0x00000000a0000000, 0x00000000a6b80000, 0x00000000e0000000)
  object space 110080K, 30% used [0x00000000a0000000,0x00000000a207ef50,0x00000000a6b80000)
 Metaspace       used 54229K, capacity 56000K, committed 56192K, reserved 1097728K
  class space    used 7516K, capacity 7955K, committed 8064K, reserved 1048576K
}
Event: 29.622 GC heap before
{Heap before GC invocations=11 (full 2):
 PSYoungGen      total 286208K, used 138746K [0x00000000e0000000, 0x00000000f3d00000, 0x0000000100000000)
  eden space 268288K, 45% used [0x00000000e0000000,0x00000000e76061d0,0x00000000f0600000)
  from space 17920K, 99% used [0x00000000f1d00000,0x00000000f2e786c0,0x00000000f2e80000)
  to   space 23552K, 0% used [0x00000000f0600000,0x00000000f0600000,0x00000000f1d00000)
 ParOldGen       total 110080K, used 33275K [0x00000000a0000000, 0x00000000a6b80000, 0x00000000e0000000)
  object space 110080K, 30% used [0x00000000a0000000,0x00000000a207ef50,0x00000000a6b80000)
 Metaspace       used 56840K, capacity 58952K, committed 59028K, reserved 1099776K
  class space    used 7816K, capacity 8395K, committed 8448K, reserved 1048576K
Event: 29.660 GC heap after
Heap after GC invocations=11 (full 2):
 PSYoungGen      total 291840K, used 23526K [0x00000000e0000000, 0x00000000f7c80000, 0x0000000100000000)
  eden space 268288K, 0% used [0x00000000e0000000,0x00000000e0000000,0x00000000f0600000)
  from space 23552K, 99% used [0x00000000f0600000,0x00000000f1cf9b90,0x00000000f1d00000)
  to   space 29184K, 0% used [0x00000000f6000000,0x00000000f6000000,0x00000000f7c80000)
 ParOldGen       total 110080K, used 37841K [0x00000000a0000000, 0x00000000a6b80000, 0x00000000e0000000)
  object space 110080K, 34% used [0x00000000a0000000,0x00000000a24f4760,0x00000000a6b80000)
 Metaspace       used 56840K, capacity 58952K, committed 59028K, reserved 1099776K
  class space    used 7816K, capacity 8395K, committed 8448K, reserved 1048576K
}
Event: 29.660 GC heap before
{Heap before GC invocations=12 (full 3):
 PSYoungGen      total 291840K, used 23526K [0x00000000e0000000, 0x00000000f7c80000, 0x0000000100000000)
  eden space 268288K, 0% used [0x00000000e0000000,0x00000000e0000000,0x00000000f0600000)
  from space 23552K, 99% used [0x00000000f0600000,0x00000000f1cf9b90,0x00000000f1d00000)
  to   space 29184K, 0% used [0x00000000f6000000,0x00000000f6000000,0x00000000f7c80000)
 ParOldGen       total 110080K, used 37841K [0x00000000a0000000, 0x00000000a6b80000, 0x00000000e0000000)
  object space 110080K, 34% used [0x00000000a0000000,0x00000000a24f4760,0x00000000a6b80000)
 Metaspace       used 56840K, capacity 58952K, committed 59028K, reserved 1099776K
  class space    used 7816K, capacity 8395K, committed 8448K, reserved 1048576K
Event: 30.015 GC heap after
Heap after GC invocations=12 (full 3):
 PSYoungGen      total 291840K, used 0K [0x00000000e0000000, 0x00000000f7c80000, 0x0000000100000000)
  eden space 268288K, 0% used [0x00000000e0000000,0x00000000e0000000,0x00000000f0600000)
  from space 23552K, 0% used [0x00000000f0600000,0x00000000f0600000,0x00000000f1d00000)
  to   space 29184K, 0% used [0x00000000f6000000,0x00000000f6000000,0x00000000f7c80000)
 ParOldGen       total 161792K, used 44704K [0x00000000a0000000, 0x00000000a9e00000, 0x00000000e0000000)
  object space 161792K, 27% used [0x00000000a0000000,0x00000000a2ba8188,0x00000000a9e00000)
 Metaspace       used 56840K, capacity 58952K, committed 59028K, reserved 1099776K
  class space    used 7816K, capacity 8395K, committed 8448K, reserved 1048576K
}

